<?xml version="1.0" encoding="UTF-8"?>
<!-- Generated by org.testng.reporters.JUnitReportReporter -->
<testsuite skipped="0" hostname="Dilip-PC" name="TestNG1.NewTest" tests="1" failures="0" timestamp="2021-06-15T00:46:57 IST" time="0.030" errors="0">
  <testcase name="f" time="0.030" classname="TestNG1.NewTest"/>
  <system-out/>
</testsuite> <!-- TestNG1.NewTest -->
